NoMethodError: undefined method `to_a' for #<SQLite3::Statement:0x00000101e5ea00>:           SELECT name
          FROM sqlite_master
          WHERE type = 'table' AND NOT name = 'sqlite_sequence'
 AND name = "schema_migrations"
NoMethodError: undefined method `to_a' for #<SQLite3::Statement:0x00000103e1a970>:           SELECT name
          FROM sqlite_master
          WHERE type = 'table' AND NOT name = 'sqlite_sequence'
 AND name = "schema_migrations"
NoMethodError: undefined method `to_a' for #<SQLite3::Statement:0x00000105832fb0>:           SELECT name
          FROM sqlite_master
          WHERE type = 'table' AND NOT name = 'sqlite_sequence'
 AND name = "schema_migrations"
  [1m[36m (1.0ms)[0m  [1mCREATE TABLE "schema_migrations" ("version" varchar(255) NOT NULL) [0m
  [1m[35m (0.4ms)[0m  select sqlite_version(*)
  [1m[36m (1.0ms)[0m  [1mCREATE UNIQUE INDEX "unique_schema_migrations" ON "schema_migrations" ("version")[0m
  [1m[35mActiveRecord::SchemaMigration Load (0.1ms)[0m  SELECT "schema_migrations".* FROM "schema_migrations"
Migrating to CreateUsers (20140509044137)
  [1m[36m (0.1ms)[0m  [1mbegin transaction[0m
  [1m[35m (0.5ms)[0m  CREATE TABLE "users" ("id" INTEGER PRIMARY KEY AUTOINCREMENT NOT NULL, "name" varchar(255), "email" varchar(255), "created_at" datetime, "updated_at" datetime) 
  [1m[36mSQL (0.2ms)[0m  [1mINSERT INTO "schema_migrations" ("version") VALUES (?)[0m  [["version", "20140509044137"]]
  [1m[35m (0.9ms)[0m  commit transaction
  [1m[36mActiveRecord::SchemaMigration Load (0.1ms)[0m  [1mSELECT "schema_migrations".* FROM "schema_migrations"[0m


Started GET "/" for 127.0.0.1 at 2014-05-09 00:56:28 -0400
  [1m[36mActiveRecord::SchemaMigration Load (0.1ms)[0m  [1mSELECT "schema_migrations".* FROM "schema_migrations"[0m
Processing by Rails::WelcomeController#index as HTML
  Rendered /Users/dewebb/.rvm/gems/ruby-2.1.1/gems/railties-4.1.1/lib/rails/templates/rails/welcome/index.html.erb (2.7ms)
Completed 200 OK in 26ms (Views: 12.2ms | ActiveRecord: 0.0ms)


Started GET "/rails/info/properties" for 127.0.0.1 at 2014-05-09 00:56:32 -0400
Processing by Rails::InfoController#properties as */*
  [1m[35mActiveRecord::SchemaMigration Load (0.1ms)[0m  SELECT "schema_migrations".* FROM "schema_migrations"
  Rendered /Users/dewebb/.rvm/gems/ruby-2.1.1/gems/railties-4.1.1/lib/rails/templates/rails/info/properties.html.erb (0.6ms)
Completed 200 OK in 19ms (Views: 12.2ms | ActiveRecord: 0.3ms)


Started GET "/" for 127.0.0.1 at 2014-05-09 00:56:34 -0400
Processing by Rails::WelcomeController#index as HTML
  Rendered /Users/dewebb/.rvm/gems/ruby-2.1.1/gems/railties-4.1.1/lib/rails/templates/rails/welcome/index.html.erb (0.1ms)
Completed 200 OK in 2ms (Views: 1.4ms | ActiveRecord: 0.0ms)


Started GET "/" for 127.0.0.1 at 2014-05-09 00:56:37 -0400
Processing by Rails::WelcomeController#index as HTML
  Rendered /Users/dewebb/.rvm/gems/ruby-2.1.1/gems/railties-4.1.1/lib/rails/templates/rails/welcome/index.html.erb (0.1ms)
Completed 200 OK in 2ms (Views: 1.7ms | ActiveRecord: 0.0ms)


Started GET "/" for 127.0.0.1 at 2014-05-09 00:56:45 -0400
Processing by Rails::WelcomeController#index as HTML
  Rendered /Users/dewebb/.rvm/gems/ruby-2.1.1/gems/railties-4.1.1/lib/rails/templates/rails/welcome/index.html.erb (0.3ms)
Completed 200 OK in 3ms (Views: 2.0ms | ActiveRecord: 0.0ms)


Started GET "/users" for 127.0.0.1 at 2014-05-09 09:03:57 -0400
Processing by UsersController#index as HTML
  [1m[36mUser Load (0.9ms)[0m  [1mSELECT "users".* FROM "users"[0m
  Rendered users/index.html.erb within layouts/application (2.8ms)
Completed 200 OK in 1184ms (Views: 1178.2ms | ActiveRecord: 0.9ms)


Started GET "/assets/scaffolds.css?body=1" for 127.0.0.1 at 2014-05-09 09:03:59 -0400


Started GET "/assets/users.css?body=1" for 127.0.0.1 at 2014-05-09 09:03:59 -0400


Started GET "/assets/application.css?body=1" for 127.0.0.1 at 2014-05-09 09:03:59 -0400


Started GET "/assets/jquery.js?body=1" for 127.0.0.1 at 2014-05-09 09:03:59 -0400


Started GET "/assets/jquery_ujs.js?body=1" for 127.0.0.1 at 2014-05-09 09:03:59 -0400


Started GET "/assets/turbolinks.js?body=1" for 127.0.0.1 at 2014-05-09 09:03:59 -0400


Started GET "/assets/application.js?body=1" for 127.0.0.1 at 2014-05-09 09:03:59 -0400


Started GET "/assets/users.js?body=1" for 127.0.0.1 at 2014-05-09 09:03:59 -0400


Started GET "/users/new" for 127.0.0.1 at 2014-05-09 09:08:09 -0400
Processing by UsersController#new as HTML
  Rendered users/_form.html.erb (35.1ms)
  Rendered users/new.html.erb within layouts/application (40.9ms)
Completed 200 OK in 54ms (Views: 50.4ms | ActiveRecord: 0.8ms)


Started POST "/users" for 127.0.0.1 at 2014-05-09 09:08:31 -0400
Processing by UsersController#create as HTML
  Parameters: {"utf8"=>"✓", "authenticity_token"=>"wh47+rXrsHOc2b56b8Gswjf8CE+yk32PU+0a1EeNxSY=", "user"=>{"name"=>"Dean Webb", "email"=>"dean.webb@careerbuilder.com"}, "commit"=>"Create User"}
  [1m[35m (0.2ms)[0m  begin transaction
  [1m[36mSQL (0.9ms)[0m  [1mINSERT INTO "users" ("created_at", "email", "name", "updated_at") VALUES (?, ?, ?, ?)[0m  [["created_at", "2014-05-09 13:08:31.765482"], ["email", "dean.webb@careerbuilder.com"], ["name", "Dean Webb"], ["updated_at", "2014-05-09 13:08:31.765482"]]
  [1m[35m (0.7ms)[0m  commit transaction
Redirected to http://localhost:3000/users/1
Completed 302 Found in 10ms (ActiveRecord: 1.7ms)


Started GET "/users/1" for 127.0.0.1 at 2014-05-09 09:08:31 -0400
Processing by UsersController#show as HTML
  Parameters: {"id"=>"1"}
  [1m[36mUser Load (0.3ms)[0m  [1mSELECT  "users".* FROM "users"  WHERE "users"."id" = ? LIMIT 1[0m  [["id", 1]]
  Rendered users/show.html.erb within layouts/application (1.5ms)
Completed 200 OK in 17ms (Views: 12.7ms | ActiveRecord: 0.3ms)


Started GET "/users/" for 127.0.0.1 at 2014-05-09 09:09:09 -0400
Processing by UsersController#index as HTML
  [1m[35mUser Load (0.2ms)[0m  SELECT "users".* FROM "users"
  Rendered users/index.html.erb within layouts/application (1.9ms)
Completed 200 OK in 12ms (Views: 10.9ms | ActiveRecord: 0.2ms)


Started GET "/users/1/edit" for 127.0.0.1 at 2014-05-09 09:09:34 -0400
Processing by UsersController#edit as HTML
  Parameters: {"id"=>"1"}
  [1m[36mUser Load (0.2ms)[0m  [1mSELECT  "users".* FROM "users"  WHERE "users"."id" = ? LIMIT 1[0m  [["id", 1]]
  Rendered users/_form.html.erb (5.4ms)
  Rendered users/edit.html.erb within layouts/application (8.7ms)
Completed 200 OK in 19ms (Views: 17.6ms | ActiveRecord: 0.2ms)


Started PATCH "/users/1" for 127.0.0.1 at 2014-05-09 09:09:40 -0400
Processing by UsersController#update as HTML
  Parameters: {"utf8"=>"✓", "authenticity_token"=>"wh47+rXrsHOc2b56b8Gswjf8CE+yk32PU+0a1EeNxSY=", "user"=>{"name"=>"Dean M Webb", "email"=>"dean.webb@careerbuilder.com"}, "commit"=>"Update User", "id"=>"1"}
  [1m[35mUser Load (0.2ms)[0m  SELECT  "users".* FROM "users"  WHERE "users"."id" = ? LIMIT 1  [["id", 1]]
  [1m[36m (0.1ms)[0m  [1mbegin transaction[0m
  [1m[35mSQL (0.4ms)[0m  UPDATE "users" SET "name" = ?, "updated_at" = ? WHERE "users"."id" = 1  [["name", "Dean M Webb"], ["updated_at", "2014-05-09 13:09:40.468634"]]
  [1m[36m (1.1ms)[0m  [1mcommit transaction[0m
Redirected to http://localhost:3000/users/1
Completed 302 Found in 7ms (ActiveRecord: 1.8ms)


Started GET "/users/1" for 127.0.0.1 at 2014-05-09 09:09:40 -0400
Processing by UsersController#show as HTML
  Parameters: {"id"=>"1"}
  [1m[35mUser Load (0.1ms)[0m  SELECT  "users".* FROM "users"  WHERE "users"."id" = ? LIMIT 1  [["id", 1]]
  Rendered users/show.html.erb within layouts/application (0.5ms)
Completed 200 OK in 8ms (Views: 6.2ms | ActiveRecord: 0.1ms)


Started GET "/users" for 127.0.0.1 at 2014-05-09 09:10:23 -0400
Processing by UsersController#index as HTML
  [1m[36mUser Load (0.2ms)[0m  [1mSELECT "users".* FROM "users"[0m
  Rendered users/index.html.erb within layouts/application (3.2ms)
Completed 200 OK in 14ms (Views: 13.3ms | ActiveRecord: 0.2ms)


Started GET "/users/new" for 127.0.0.1 at 2014-05-09 09:10:24 -0400
Processing by UsersController#new as HTML
  Rendered users/_form.html.erb (4.1ms)
  Rendered users/new.html.erb within layouts/application (6.5ms)
Completed 200 OK in 17ms (Views: 15.8ms | ActiveRecord: 0.0ms)


Started POST "/users" for 127.0.0.1 at 2014-05-09 09:14:03 -0400
Processing by UsersController#create as HTML
  Parameters: {"utf8"=>"✓", "authenticity_token"=>"wh47+rXrsHOc2b56b8Gswjf8CE+yk32PU+0a1EeNxSY=", "user"=>{"name"=>"John Doe", "email"=>"John.Doe@careerbuilder.com"}, "commit"=>"Create User"}
  [1m[35m (0.2ms)[0m  begin transaction
  [1m[36mSQL (0.5ms)[0m  [1mINSERT INTO "users" ("created_at", "email", "name", "updated_at") VALUES (?, ?, ?, ?)[0m  [["created_at", "2014-05-09 13:14:03.789269"], ["email", "John.Doe@careerbuilder.com"], ["name", "John Doe"], ["updated_at", "2014-05-09 13:14:03.789269"]]
  [1m[35m (2.0ms)[0m  commit transaction
Redirected to http://localhost:3000/users/2
Completed 302 Found in 9ms (ActiveRecord: 2.6ms)


Started GET "/users/2" for 127.0.0.1 at 2014-05-09 09:14:03 -0400
Processing by UsersController#show as HTML
  Parameters: {"id"=>"2"}
  [1m[36mUser Load (0.2ms)[0m  [1mSELECT  "users".* FROM "users"  WHERE "users"."id" = ? LIMIT 1[0m  [["id", 2]]
  Rendered users/show.html.erb within layouts/application (0.6ms)
Completed 200 OK in 9ms (Views: 6.7ms | ActiveRecord: 0.2ms)


Started GET "/users" for 127.0.0.1 at 2014-05-09 09:14:06 -0400
Processing by UsersController#index as HTML
  [1m[35mUser Load (0.3ms)[0m  SELECT "users".* FROM "users"
  Rendered users/index.html.erb within layouts/application (2.7ms)
Completed 200 OK in 15ms (Views: 13.3ms | ActiveRecord: 0.3ms)


Started DELETE "/users/2" for 127.0.0.1 at 2014-05-09 09:14:18 -0400
Processing by UsersController#destroy as HTML
  Parameters: {"authenticity_token"=>"wh47+rXrsHOc2b56b8Gswjf8CE+yk32PU+0a1EeNxSY=", "id"=>"2"}
  [1m[36mUser Load (0.2ms)[0m  [1mSELECT  "users".* FROM "users"  WHERE "users"."id" = ? LIMIT 1[0m  [["id", 2]]
  [1m[35m (0.1ms)[0m  begin transaction
  [1m[36mSQL (0.6ms)[0m  [1mDELETE FROM "users" WHERE "users"."id" = ?[0m  [["id", 2]]
  [1m[35m (4.2ms)[0m  commit transaction
Redirected to http://localhost:3000/users
Completed 302 Found in 10ms (ActiveRecord: 5.1ms)


Started GET "/users" for 127.0.0.1 at 2014-05-09 09:14:18 -0400
Processing by UsersController#index as HTML
  [1m[36mUser Load (0.2ms)[0m  [1mSELECT "users".* FROM "users"[0m
  Rendered users/index.html.erb within layouts/application (2.2ms)
Completed 200 OK in 13ms (Views: 11.5ms | ActiveRecord: 0.2ms)
  [1m[36mActiveRecord::SchemaMigration Load (0.1ms)[0m  [1mSELECT "schema_migrations".* FROM "schema_migrations"[0m
Migrating to CreateMicroposts (20140509161438)
  [1m[35m (0.1ms)[0m  begin transaction
  [1m[36m (0.5ms)[0m  [1mCREATE TABLE "microposts" ("id" INTEGER PRIMARY KEY AUTOINCREMENT NOT NULL, "content" varchar(255), "user_id" integer, "created_at" datetime, "updated_at" datetime) [0m
  [1m[35mSQL (0.2ms)[0m  INSERT INTO "schema_migrations" ("version") VALUES (?)  [["version", "20140509161438"]]
  [1m[36m (0.8ms)[0m  [1mcommit transaction[0m
  [1m[35mActiveRecord::SchemaMigration Load (0.1ms)[0m  SELECT "schema_migrations".* FROM "schema_migrations"


Started GET "/" for 127.0.0.1 at 2014-05-09 12:18:22 -0400
  [1m[36mActiveRecord::SchemaMigration Load (0.2ms)[0m  [1mSELECT "schema_migrations".* FROM "schema_migrations"[0m
Processing by Rails::WelcomeController#index as HTML
  Rendered /Users/dewebb/.rvm/gems/ruby-2.1.1/gems/railties-4.1.1/lib/rails/templates/rails/welcome/index.html.erb (2.3ms)
Completed 200 OK in 27ms (Views: 11.8ms | ActiveRecord: 0.0ms)


Started GET "/rails/info/properties" for 127.0.0.1 at 2014-05-09 12:18:26 -0400
Processing by Rails::InfoController#properties as */*
  [1m[35mActiveRecord::SchemaMigration Load (0.2ms)[0m  SELECT "schema_migrations".* FROM "schema_migrations"
  Rendered /Users/dewebb/.rvm/gems/ruby-2.1.1/gems/railties-4.1.1/lib/rails/templates/rails/info/properties.html.erb (0.6ms)
Completed 200 OK in 19ms (Views: 13.1ms | ActiveRecord: 0.4ms)


Started GET "/microposts" for 127.0.0.1 at 2014-05-09 12:18:40 -0400
Processing by MicropostsController#index as HTML
  [1m[36mMicropost Load (0.2ms)[0m  [1mSELECT "microposts".* FROM "microposts"[0m
  Rendered microposts/index.html.erb within layouts/application (2.0ms)
Completed 200 OK in 223ms (Views: 219.3ms | ActiveRecord: 0.2ms)


Started GET "/assets/microposts.css?body=1" for 127.0.0.1 at 2014-05-09 12:18:41 -0400


Started GET "/assets/microposts.js?body=1" for 127.0.0.1 at 2014-05-09 12:18:41 -0400


Started GET "/assets/scaffolds.css?body=1" for 127.0.0.1 at 2014-05-09 12:18:41 -0400


Started GET "/assets/users.css?body=1" for 127.0.0.1 at 2014-05-09 12:18:41 -0400


Started GET "/assets/application.css?body=1" for 127.0.0.1 at 2014-05-09 12:18:41 -0400


Started GET "/assets/users.js?body=1" for 127.0.0.1 at 2014-05-09 12:18:41 -0400


Started GET "/assets/application.js?body=1" for 127.0.0.1 at 2014-05-09 12:18:41 -0400


Started GET "/microposts/new" for 127.0.0.1 at 2014-05-09 12:18:44 -0400
Processing by MicropostsController#new as HTML
  Rendered microposts/_form.html.erb (37.0ms)
  Rendered microposts/new.html.erb within layouts/application (44.0ms)
Completed 200 OK in 54ms (Views: 51.7ms | ActiveRecord: 0.5ms)


Started POST "/microposts" for 127.0.0.1 at 2014-05-09 12:19:04 -0400
Processing by MicropostsController#create as HTML
  Parameters: {"utf8"=>"✓", "authenticity_token"=>"wh47+rXrsHOc2b56b8Gswjf8CE+yk32PU+0a1EeNxSY=", "micropost"=>{"content"=>"Hi", "user_id"=>"1"}, "commit"=>"Create Micropost"}
  [1m[35m (0.3ms)[0m  begin transaction
  [1m[36mSQL (0.5ms)[0m  [1mINSERT INTO "microposts" ("content", "created_at", "updated_at", "user_id") VALUES (?, ?, ?, ?)[0m  [["content", "Hi"], ["created_at", "2014-05-09 16:19:04.109882"], ["updated_at", "2014-05-09 16:19:04.109882"], ["user_id", 1]]
  [1m[35m (0.8ms)[0m  commit transaction
Redirected to http://localhost:3000/microposts/1
Completed 302 Found in 11ms (ActiveRecord: 1.5ms)


Started GET "/microposts/1" for 127.0.0.1 at 2014-05-09 12:19:04 -0400
Processing by MicropostsController#show as HTML
  Parameters: {"id"=>"1"}
  [1m[36mMicropost Load (0.4ms)[0m  [1mSELECT  "microposts".* FROM "microposts"  WHERE "microposts"."id" = ? LIMIT 1[0m  [["id", 1]]
  Rendered microposts/show.html.erb within layouts/application (1.5ms)
Completed 200 OK in 15ms (Views: 11.2ms | ActiveRecord: 0.4ms)


Started GET "/assets/scaffolds.css?body=1" for 127.0.0.1 at 2014-05-09 12:19:04 -0400


Started GET "/assets/users.css?body=1" for 127.0.0.1 at 2014-05-09 12:19:04 -0400


Started GET "/assets/application.css?body=1" for 127.0.0.1 at 2014-05-09 12:19:04 -0400


Started GET "/assets/users.js?body=1" for 127.0.0.1 at 2014-05-09 12:19:04 -0400


Started GET "/assets/application.js?body=1" for 127.0.0.1 at 2014-05-09 12:19:04 -0400


Started GET "/microposts" for 127.0.0.1 at 2014-05-09 12:19:05 -0400
Processing by MicropostsController#index as HTML
  [1m[35mMicropost Load (0.2ms)[0m  SELECT "microposts".* FROM "microposts"
  Rendered microposts/index.html.erb within layouts/application (2.9ms)
Completed 200 OK in 13ms (Views: 11.1ms | ActiveRecord: 0.2ms)


Started GET "/microposts/1" for 127.0.0.1 at 2014-05-09 12:19:07 -0400
Processing by MicropostsController#show as HTML
  Parameters: {"id"=>"1"}
  [1m[36mMicropost Load (0.2ms)[0m  [1mSELECT  "microposts".* FROM "microposts"  WHERE "microposts"."id" = ? LIMIT 1[0m  [["id", 1]]
  Rendered microposts/show.html.erb within layouts/application (1.8ms)
Completed 200 OK in 13ms (Views: 11.0ms | ActiveRecord: 0.2ms)


Started GET "/microposts" for 127.0.0.1 at 2014-05-09 12:19:09 -0400
Processing by MicropostsController#index as HTML
  [1m[35mMicropost Load (0.2ms)[0m  SELECT "microposts".* FROM "microposts"
  Rendered microposts/index.html.erb within layouts/application (2.1ms)
Completed 200 OK in 15ms (Views: 13.4ms | ActiveRecord: 0.2ms)


Started GET "/microposts/new" for 127.0.0.1 at 2014-05-09 12:23:50 -0400
Processing by MicropostsController#new as HTML
  Rendered microposts/_form.html.erb (6.8ms)
  Rendered microposts/new.html.erb within layouts/application (8.0ms)
Completed 200 OK in 19ms (Views: 14.9ms | ActiveRecord: 0.4ms)


Started POST "/microposts" for 127.0.0.1 at 2014-05-09 12:24:02 -0400
Processing by MicropostsController#create as HTML
  Parameters: {"utf8"=>"✓", "authenticity_token"=>"wh47+rXrsHOc2b56b8Gswjf8CE+yk32PU+0a1EeNxSY=", "micropost"=>{"content"=>"lksdahgdshfdoishjfijofisdajofjipfjaoifhjfoajfoijfioasdjoifsdjaosd asdjfoijsdaofijdsfoijfoijdfoidsjfoisadjoifjsdoifj sadoifjiofjoijfasoijfdosifjasoidfjoiasdfjsidjfoisdajfoisdjf of", "user_id"=>"2"}, "commit"=>"Create Micropost"}
  [1m[36m (0.1ms)[0m  [1mbegin transaction[0m
  [1m[35m (0.1ms)[0m  rollback transaction
  Rendered microposts/_form.html.erb (4.3ms)
  Rendered microposts/new.html.erb within layouts/application (6.2ms)
Completed 200 OK in 18ms (Views: 14.3ms | ActiveRecord: 0.2ms)


Started GET "/assets/microposts.css?body=1" for 127.0.0.1 at 2014-05-09 12:24:02 -0400


Started GET "/assets/scaffolds.css?body=1" for 127.0.0.1 at 2014-05-09 12:24:02 -0400


Started GET "/assets/users.css?body=1" for 127.0.0.1 at 2014-05-09 12:24:02 -0400


Started GET "/assets/application.css?body=1" for 127.0.0.1 at 2014-05-09 12:24:02 -0400


Started GET "/assets/microposts.js?body=1" for 127.0.0.1 at 2014-05-09 12:24:02 -0400


Started GET "/assets/users.js?body=1" for 127.0.0.1 at 2014-05-09 12:24:02 -0400


Started GET "/assets/application.js?body=1" for 127.0.0.1 at 2014-05-09 12:24:02 -0400


Started POST "/microposts" for 127.0.0.1 at 2014-05-09 12:24:14 -0400
Processing by MicropostsController#create as HTML
  Parameters: {"utf8"=>"✓", "authenticity_token"=>"wh47+rXrsHOc2b56b8Gswjf8CE+yk32PU+0a1EeNxSY=", "micropost"=>{"content"=>"Validation works fine", "user_id"=>"2"}, "commit"=>"Create Micropost"}
  [1m[36m (0.1ms)[0m  [1mbegin transaction[0m
  [1m[35mSQL (0.5ms)[0m  INSERT INTO "microposts" ("content", "created_at", "updated_at", "user_id") VALUES (?, ?, ?, ?)  [["content", "Validation works fine"], ["created_at", "2014-05-09 16:24:14.982897"], ["updated_at", "2014-05-09 16:24:14.982897"], ["user_id", 2]]
  [1m[36m (0.7ms)[0m  [1mcommit transaction[0m
Redirected to http://localhost:3000/microposts/2
Completed 302 Found in 6ms (ActiveRecord: 1.3ms)


Started GET "/microposts/2" for 127.0.0.1 at 2014-05-09 12:24:14 -0400
Processing by MicropostsController#show as HTML
  Parameters: {"id"=>"2"}
  [1m[35mMicropost Load (0.2ms)[0m  SELECT  "microposts".* FROM "microposts"  WHERE "microposts"."id" = ? LIMIT 1  [["id", 2]]
  Rendered microposts/show.html.erb within layouts/application (0.6ms)
Completed 200 OK in 11ms (Views: 8.9ms | ActiveRecord: 0.2ms)


Started GET "/assets/microposts.css?body=1" for 127.0.0.1 at 2014-05-09 12:24:15 -0400


Started GET "/assets/scaffolds.css?body=1" for 127.0.0.1 at 2014-05-09 12:24:15 -0400


Started GET "/assets/users.css?body=1" for 127.0.0.1 at 2014-05-09 12:24:15 -0400


Started GET "/assets/application.css?body=1" for 127.0.0.1 at 2014-05-09 12:24:15 -0400


Started GET "/assets/microposts.js?body=1" for 127.0.0.1 at 2014-05-09 12:24:15 -0400


Started GET "/assets/users.js?body=1" for 127.0.0.1 at 2014-05-09 12:24:15 -0400


Started GET "/assets/application.js?body=1" for 127.0.0.1 at 2014-05-09 12:24:15 -0400


Started GET "/microposts" for 127.0.0.1 at 2014-05-09 12:24:18 -0400
Processing by MicropostsController#index as HTML
  [1m[36mMicropost Load (0.2ms)[0m  [1mSELECT "microposts".* FROM "microposts"[0m
  Rendered microposts/index.html.erb within layouts/application (2.7ms)
Completed 200 OK in 13ms (Views: 11.4ms | ActiveRecord: 0.2ms)


Started GET "/microposts/new" for 127.0.0.1 at 2014-05-09 12:25:15 -0400
Processing by MicropostsController#new as HTML
  Rendered microposts/_form.html.erb (3.1ms)
  Rendered microposts/new.html.erb within layouts/application (4.9ms)
Completed 200 OK in 15ms (Views: 13.9ms | ActiveRecord: 0.0ms)


Started POST "/microposts" for 127.0.0.1 at 2014-05-09 12:25:21 -0400
Processing by MicropostsController#create as HTML
  Parameters: {"utf8"=>"✓", "authenticity_token"=>"wh47+rXrsHOc2b56b8Gswjf8CE+yk32PU+0a1EeNxSY=", "micropost"=>{"content"=>"Take 2", "user_id"=>"1"}, "commit"=>"Create Micropost"}
  [1m[35m (0.1ms)[0m  begin transaction
  [1m[36mSQL (0.4ms)[0m  [1mINSERT INTO "microposts" ("content", "created_at", "updated_at", "user_id") VALUES (?, ?, ?, ?)[0m  [["content", "Take 2"], ["created_at", "2014-05-09 16:25:21.271399"], ["updated_at", "2014-05-09 16:25:21.271399"], ["user_id", 1]]
  [1m[35m (0.8ms)[0m  commit transaction
Redirected to http://localhost:3000/microposts/3
Completed 302 Found in 6ms (ActiveRecord: 1.3ms)


Started GET "/microposts/3" for 127.0.0.1 at 2014-05-09 12:25:21 -0400
Processing by MicropostsController#show as HTML
  Parameters: {"id"=>"3"}
  [1m[36mMicropost Load (0.2ms)[0m  [1mSELECT  "microposts".* FROM "microposts"  WHERE "microposts"."id" = ? LIMIT 1[0m  [["id", 3]]
  Rendered microposts/show.html.erb within layouts/application (0.8ms)
Completed 200 OK in 10ms (Views: 8.6ms | ActiveRecord: 0.2ms)


Started GET "/assets/microposts.css?body=1" for 127.0.0.1 at 2014-05-09 12:25:21 -0400


Started GET "/assets/scaffolds.css?body=1" for 127.0.0.1 at 2014-05-09 12:25:21 -0400


Started GET "/assets/users.css?body=1" for 127.0.0.1 at 2014-05-09 12:25:21 -0400


Started GET "/assets/application.css?body=1" for 127.0.0.1 at 2014-05-09 12:25:21 -0400


Started GET "/assets/microposts.js?body=1" for 127.0.0.1 at 2014-05-09 12:25:21 -0400


Started GET "/assets/users.js?body=1" for 127.0.0.1 at 2014-05-09 12:25:21 -0400


Started GET "/assets/application.js?body=1" for 127.0.0.1 at 2014-05-09 12:25:21 -0400


Started GET "/microposts" for 127.0.0.1 at 2014-05-09 12:25:24 -0400
Processing by MicropostsController#index as HTML
  [1m[35mMicropost Load (0.6ms)[0m  SELECT "microposts".* FROM "microposts"
  Rendered microposts/index.html.erb within layouts/application (5.1ms)
Completed 200 OK in 16ms (Views: 15.1ms | ActiveRecord: 0.6ms)
  [1m[36mUser Load (0.2ms)[0m  [1mSELECT  "users".* FROM "users"   ORDER BY "users"."id" ASC LIMIT 1[0m
  [1m[35mUser Load (0.2ms)[0m  SELECT  "users".* FROM "users"   ORDER BY "users"."id" ASC LIMIT 1
